{"/home/douglasdennys/Projects/tests/prova-node-09-12-20/src/data/usecases/user/add-user/db-add-user.ts": {"path":"/home/douglasdennys/Projects/tests/prova-node-09-12-20/src/data/usecases/user/add-user/db-add-user.ts","statementMap":{"0":{"start":{"line":5,"column":21},"end":{"line":5,"column":57}},"1":{"start":{"line":6,"column":21},"end":{"line":6,"column":73}},"2":{"start":{"line":10,"column":17},"end":{"line":10,"column":81}},"3":{"start":{"line":11,"column":4},"end":{"line":14,"column":null}},"4":{"start":{"line":12,"column":22},"end":{"line":12,"column":64}},"5":{"start":{"line":13,"column":6},"end":{"line":13,"column":null}},"6":{"start":{"line":15,"column":4},"end":{"line":15,"column":null}},"7":{"start":{"line":3,"column":0},"end":{"line":3,"column":13}}},"fnMap":{"0":{"name":"(anonymous_0)","decl":{"start":{"line":4,"column":2},"end":{"line":4,"column":null}},"loc":{"start":{"line":6,"column":73},"end":{"line":7,"column":6}}},"1":{"name":"(anonymous_1)","decl":{"start":{"line":9,"column":2},"end":{"line":9,"column":7}},"loc":{"start":{"line":9,"column":36},"end":{"line":16,"column":3}}}},"branchMap":{"0":{"loc":{"start":{"line":11,"column":4},"end":{"line":14,"column":null}},"type":"if","locations":[{"start":{"line":11,"column":4},"end":{"line":14,"column":null}},{"start":{"line":11,"column":4},"end":{"line":14,"column":null}}]}},"s":{"0":5,"1":5,"2":5,"3":5,"4":4,"5":3,"6":1,"7":1},"f":{"0":5,"1":5},"b":{"0":[4,1]}}
,"/home/douglasdennys/Projects/tests/prova-node-09-12-20/src/data/usecases/user/load-users/db-load-users.ts": {"path":"/home/douglasdennys/Projects/tests/prova-node-09-12-20/src/data/usecases/user/load-users/db-load-users.ts","statementMap":{"0":{"start":{"line":5,"column":21},"end":{"line":5,"column":61}},"1":{"start":{"line":9,"column":20},"end":{"line":9,"column":57}},"2":{"start":{"line":10,"column":4},"end":{"line":12,"column":null}},"3":{"start":{"line":11,"column":6},"end":{"line":11,"column":null}},"4":{"start":{"line":13,"column":4},"end":{"line":13,"column":null}},"5":{"start":{"line":3,"column":0},"end":{"line":3,"column":13}}},"fnMap":{"0":{"name":"(anonymous_0)","decl":{"start":{"line":4,"column":2},"end":{"line":4,"column":null}},"loc":{"start":{"line":5,"column":61},"end":{"line":6,"column":6}}},"1":{"name":"(anonymous_1)","decl":{"start":{"line":8,"column":2},"end":{"line":8,"column":7}},"loc":{"start":{"line":8,"column":12},"end":{"line":14,"column":3}}}},"branchMap":{"0":{"loc":{"start":{"line":10,"column":4},"end":{"line":12,"column":null}},"type":"if","locations":[{"start":{"line":10,"column":4},"end":{"line":12,"column":null}},{"start":{"line":10,"column":4},"end":{"line":12,"column":null}}]}},"s":{"0":3,"1":3,"2":2,"3":1,"4":1,"5":1},"f":{"0":3,"1":3},"b":{"0":[1,1]}}
,"/home/douglasdennys/Projects/tests/prova-node-09-12-20/src/data/usecases/user/remove-user/db-remove-user.ts": {"path":"/home/douglasdennys/Projects/tests/prova-node-09-12-20/src/data/usecases/user/remove-user/db-remove-user.ts","statementMap":{"0":{"start":{"line":5,"column":21},"end":{"line":5,"column":63}},"1":{"start":{"line":9,"column":4},"end":{"line":9,"column":null}},"2":{"start":{"line":3,"column":0},"end":{"line":3,"column":13}}},"fnMap":{"0":{"name":"(anonymous_0)","decl":{"start":{"line":4,"column":2},"end":{"line":4,"column":null}},"loc":{"start":{"line":5,"column":63},"end":{"line":6,"column":6}}},"1":{"name":"(anonymous_1)","decl":{"start":{"line":8,"column":2},"end":{"line":8,"column":7}},"loc":{"start":{"line":8,"column":26},"end":{"line":10,"column":3}}}},"branchMap":{},"s":{"0":2,"1":2,"2":1},"f":{"0":2,"1":2},"b":{}}
,"/home/douglasdennys/Projects/tests/prova-node-09-12-20/src/data/usecases/user/save-user/db-save-user.ts": {"path":"/home/douglasdennys/Projects/tests/prova-node-09-12-20/src/data/usecases/user/save-user/db-save-user.ts","statementMap":{"0":{"start":{"line":5,"column":21},"end":{"line":5,"column":59}},"1":{"start":{"line":9,"column":20},"end":{"line":9,"column":64}},"2":{"start":{"line":10,"column":4},"end":{"line":10,"column":null}},"3":{"start":{"line":3,"column":0},"end":{"line":3,"column":13}}},"fnMap":{"0":{"name":"(anonymous_0)","decl":{"start":{"line":4,"column":2},"end":{"line":4,"column":null}},"loc":{"start":{"line":5,"column":59},"end":{"line":6,"column":6}}},"1":{"name":"(anonymous_1)","decl":{"start":{"line":8,"column":2},"end":{"line":8,"column":7}},"loc":{"start":{"line":8,"column":38},"end":{"line":11,"column":3}}}},"branchMap":{},"s":{"0":3,"1":3,"2":2,"3":1},"f":{"0":3,"1":3},"b":{}}
,"/home/douglasdennys/Projects/tests/prova-node-09-12-20/src/infra/db/mongodb/helpers/index.ts": {"path":"/home/douglasdennys/Projects/tests/prova-node-09-12-20/src/infra/db/mongodb/helpers/index.ts","statementMap":{"0":{"start":{"line":1,"column":0},"end":{"line":1,"column":30}}},"fnMap":{},"branchMap":{},"s":{"0":0},"f":{},"b":{}}
,"/home/douglasdennys/Projects/tests/prova-node-09-12-20/src/infra/db/mongodb/helpers/mongo-helper.ts": {"path":"/home/douglasdennys/Projects/tests/prova-node-09-12-20/src/infra/db/mongodb/helpers/mongo-helper.ts","statementMap":{"0":{"start":{"line":1,"column":0},"end":{"line":1,"column":49}},"1":{"start":{"line":3,"column":13},"end":{"line":35,"column":null}},"2":{"start":{"line":8,"column":4},"end":{"line":8,"column":null}},"3":{"start":{"line":9,"column":4},"end":{"line":12,"column":null}},"4":{"start":{"line":16,"column":4},"end":{"line":16,"column":null}},"5":{"start":{"line":17,"column":4},"end":{"line":17,"column":null}},"6":{"start":{"line":21,"column":4},"end":{"line":23,"column":null}},"7":{"start":{"line":22,"column":6},"end":{"line":22,"column":null}},"8":{"start":{"line":24,"column":4},"end":{"line":24,"column":null}},"9":{"start":{"line":28,"column":29},"end":{"line":28,"column":33}},"10":{"start":{"line":29,"column":4},"end":{"line":29,"column":null}},"11":{"start":{"line":33,"column":4},"end":{"line":33,"column":null}},"12":{"start":{"line":33,"column":31},"end":{"line":33,"column":49}}},"fnMap":{"0":{"name":"(anonymous_0)","decl":{"start":{"line":7,"column":2},"end":{"line":7,"column":7}},"loc":{"start":{"line":7,"column":28},"end":{"line":13,"column":3}}},"1":{"name":"(anonymous_1)","decl":{"start":{"line":15,"column":2},"end":{"line":15,"column":7}},"loc":{"start":{"line":15,"column":18},"end":{"line":18,"column":3}}},"2":{"name":"(anonymous_2)","decl":{"start":{"line":20,"column":2},"end":{"line":20,"column":7}},"loc":{"start":{"line":20,"column":35},"end":{"line":25,"column":3}}},"3":{"name":"(anonymous_3)","decl":{"start":{"line":27,"column":7},"end":{"line":27,"column":8}},"loc":{"start":{"line":27,"column":26},"end":{"line":30,"column":3}}},"4":{"name":"(anonymous_4)","decl":{"start":{"line":32,"column":17},"end":{"line":32,"column":18}},"loc":{"start":{"line":32,"column":46},"end":{"line":34,"column":3}}},"5":{"name":"(anonymous_5)","decl":{"start":{"line":33,"column":26},"end":{"line":33,"column":27}},"loc":{"start":{"line":33,"column":31},"end":{"line":33,"column":49}}}},"branchMap":{"0":{"loc":{"start":{"line":21,"column":4},"end":{"line":23,"column":null}},"type":"if","locations":[{"start":{"line":21,"column":4},"end":{"line":23,"column":null}},{"start":{"line":21,"column":4},"end":{"line":23,"column":null}}]}},"s":{"0":2,"1":2,"2":3,"3":3,"4":3,"5":3,"6":19,"7":1,"8":19,"9":6,"10":6,"11":2,"12":1},"f":{"0":3,"1":3,"2":19,"3":6,"4":2,"5":1},"b":{"0":[1,18]}}
,"/home/douglasdennys/Projects/tests/prova-node-09-12-20/src/infra/db/mongodb/user/user-mongo-repository.ts": {"path":"/home/douglasdennys/Projects/tests/prova-node-09-12-20/src/infra/db/mongodb/user/user-mongo-repository.ts","statementMap":{"0":{"start":{"line":1,"column":0},"end":{"line":1,"column":34}},"1":{"start":{"line":2,"column":0},"end":{"line":2,"column":53}},"2":{"start":{"line":13,"column":27},"end":{"line":13,"column":67}},"3":{"start":{"line":14,"column":19},"end":{"line":14,"column":58}},"4":{"start":{"line":15,"column":4},"end":{"line":15,"column":null}},"5":{"start":{"line":19,"column":27},"end":{"line":19,"column":67}},"6":{"start":{"line":20,"column":19},"end":{"line":20,"column":55}},"7":{"start":{"line":21,"column":4},"end":{"line":21,"column":null}},"8":{"start":{"line":25,"column":27},"end":{"line":25,"column":67}},"9":{"start":{"line":26,"column":17},"end":{"line":26,"column":56}},"10":{"start":{"line":27,"column":4},"end":{"line":27,"column":null}},"11":{"start":{"line":31,"column":27},"end":{"line":31,"column":67}},"12":{"start":{"line":32,"column":17},"end":{"line":32,"column":86}},"13":{"start":{"line":33,"column":4},"end":{"line":33,"column":null}},"14":{"start":{"line":37,"column":27},"end":{"line":37,"column":67}},"15":{"start":{"line":38,"column":4},"end":{"line":38,"column":null}},"16":{"start":{"line":11,"column":0},"end":{"line":11,"column":13}}},"fnMap":{"0":{"name":"(anonymous_0)","decl":{"start":{"line":12,"column":2},"end":{"line":12,"column":7}},"loc":{"start":{"line":12,"column":12},"end":{"line":16,"column":3}}},"1":{"name":"(anonymous_1)","decl":{"start":{"line":18,"column":2},"end":{"line":18,"column":7}},"loc":{"start":{"line":18,"column":32},"end":{"line":22,"column":3}}},"2":{"name":"(anonymous_2)","decl":{"start":{"line":24,"column":2},"end":{"line":24,"column":7}},"loc":{"start":{"line":24,"column":34},"end":{"line":28,"column":3}}},"3":{"name":"(anonymous_3)","decl":{"start":{"line":30,"column":2},"end":{"line":30,"column":7}},"loc":{"start":{"line":30,"column":34},"end":{"line":34,"column":3}}},"4":{"name":"(anonymous_4)","decl":{"start":{"line":36,"column":2},"end":{"line":36,"column":7}},"loc":{"start":{"line":36,"column":26},"end":{"line":39,"column":3}}}},"branchMap":{"0":{"loc":{"start":{"line":27,"column":11},"end":{"line":27,"column":15}},"type":"binary-expr","locations":[{"start":{"line":27,"column":11},"end":{"line":27,"column":15}},{"start":{"line":27,"column":19},"end":{"line":27,"column":40}}]}},"s":{"0":1,"1":1,"2":2,"3":2,"4":2,"5":4,"6":4,"7":4,"8":2,"9":2,"10":2,"11":1,"12":1,"13":1,"14":1,"15":1,"16":1},"f":{"0":2,"1":4,"2":2,"3":1,"4":1},"b":{"0":[2,1]}}
,"/home/douglasdennys/Projects/tests/prova-node-09-12-20/src/infra/validators/email-validator-adapter.ts": {"path":"/home/douglasdennys/Projects/tests/prova-node-09-12-20/src/infra/validators/email-validator-adapter.ts","statementMap":{"0":{"start":{"line":2,"column":0},"end":{"line":2,"column":33}},"1":{"start":{"line":6,"column":4},"end":{"line":6,"column":null}},"2":{"start":{"line":4,"column":0},"end":{"line":4,"column":13}}},"fnMap":{"0":{"name":"(anonymous_1)","decl":{"start":{"line":5,"column":2},"end":{"line":5,"column":9}},"loc":{"start":{"line":5,"column":24},"end":{"line":7,"column":3}}}},"branchMap":{},"s":{"0":1,"1":3,"2":1},"f":{"0":3},"b":{}}
,"/home/douglasdennys/Projects/tests/prova-node-09-12-20/src/presentation/errors/access-denied-error.ts": {"path":"/home/douglasdennys/Projects/tests/prova-node-09-12-20/src/presentation/errors/access-denied-error.ts","statementMap":{"0":{"start":{"line":3,"column":4},"end":{"line":3,"column":null}},"1":{"start":{"line":4,"column":4},"end":{"line":4,"column":null}},"2":{"start":{"line":1,"column":0},"end":{"line":1,"column":13}}},"fnMap":{"0":{"name":"(anonymous_0)","decl":{"start":{"line":2,"column":2},"end":{"line":2,"column":null}},"loc":{"start":{"line":2,"column":2},"end":{"line":5,"column":3}}}},"branchMap":{},"s":{"0":0,"1":0,"2":4},"f":{"0":0},"b":{}}
,"/home/douglasdennys/Projects/tests/prova-node-09-12-20/src/presentation/errors/email-in-use-error.ts": {"path":"/home/douglasdennys/Projects/tests/prova-node-09-12-20/src/presentation/errors/email-in-use-error.ts","statementMap":{"0":{"start":{"line":3,"column":4},"end":{"line":3,"column":null}},"1":{"start":{"line":4,"column":4},"end":{"line":4,"column":null}},"2":{"start":{"line":1,"column":0},"end":{"line":1,"column":13}}},"fnMap":{"0":{"name":"(anonymous_0)","decl":{"start":{"line":2,"column":2},"end":{"line":2,"column":null}},"loc":{"start":{"line":2,"column":2},"end":{"line":5,"column":3}}}},"branchMap":{},"s":{"0":0,"1":0,"2":4},"f":{"0":0},"b":{}}
,"/home/douglasdennys/Projects/tests/prova-node-09-12-20/src/presentation/errors/index.ts": {"path":"/home/douglasdennys/Projects/tests/prova-node-09-12-20/src/presentation/errors/index.ts","statementMap":{"0":{"start":{"line":1,"column":0},"end":{"line":1,"column":37}},"1":{"start":{"line":2,"column":0},"end":{"line":2,"column":37}},"2":{"start":{"line":3,"column":0},"end":{"line":3,"column":30}},"3":{"start":{"line":4,"column":0},"end":{"line":4,"column":36}},"4":{"start":{"line":5,"column":0},"end":{"line":5,"column":36}},"5":{"start":{"line":6,"column":0},"end":{"line":6,"column":37}}},"fnMap":{},"branchMap":{},"s":{"0":4,"1":4,"2":4,"3":4,"4":4,"5":4},"f":{},"b":{}}
,"/home/douglasdennys/Projects/tests/prova-node-09-12-20/src/presentation/errors/invalid-param-error.ts": {"path":"/home/douglasdennys/Projects/tests/prova-node-09-12-20/src/presentation/errors/invalid-param-error.ts","statementMap":{"0":{"start":{"line":3,"column":4},"end":{"line":3,"column":null}},"1":{"start":{"line":4,"column":4},"end":{"line":4,"column":null}},"2":{"start":{"line":1,"column":0},"end":{"line":1,"column":13}}},"fnMap":{"0":{"name":"(anonymous_0)","decl":{"start":{"line":2,"column":2},"end":{"line":2,"column":15}},"loc":{"start":{"line":2,"column":32},"end":{"line":5,"column":3}}}},"branchMap":{},"s":{"0":4,"1":4,"2":4},"f":{"0":4},"b":{}}
,"/home/douglasdennys/Projects/tests/prova-node-09-12-20/src/presentation/errors/missing-param-error.ts": {"path":"/home/douglasdennys/Projects/tests/prova-node-09-12-20/src/presentation/errors/missing-param-error.ts","statementMap":{"0":{"start":{"line":3,"column":4},"end":{"line":3,"column":null}},"1":{"start":{"line":4,"column":4},"end":{"line":4,"column":null}},"2":{"start":{"line":1,"column":0},"end":{"line":1,"column":13}}},"fnMap":{"0":{"name":"(anonymous_0)","decl":{"start":{"line":2,"column":2},"end":{"line":2,"column":15}},"loc":{"start":{"line":2,"column":32},"end":{"line":5,"column":3}}}},"branchMap":{},"s":{"0":4,"1":4,"2":4},"f":{"0":4},"b":{}}
,"/home/douglasdennys/Projects/tests/prova-node-09-12-20/src/presentation/errors/server-error.ts": {"path":"/home/douglasdennys/Projects/tests/prova-node-09-12-20/src/presentation/errors/server-error.ts","statementMap":{"0":{"start":{"line":3,"column":4},"end":{"line":3,"column":null}},"1":{"start":{"line":4,"column":4},"end":{"line":4,"column":null}},"2":{"start":{"line":5,"column":4},"end":{"line":5,"column":null}},"3":{"start":{"line":1,"column":0},"end":{"line":1,"column":13}}},"fnMap":{"0":{"name":"(anonymous_0)","decl":{"start":{"line":2,"column":2},"end":{"line":2,"column":15}},"loc":{"start":{"line":2,"column":28},"end":{"line":6,"column":3}}}},"branchMap":{},"s":{"0":0,"1":0,"2":0,"3":4},"f":{"0":0},"b":{}}
,"/home/douglasdennys/Projects/tests/prova-node-09-12-20/src/presentation/errors/unauthorized-error.ts": {"path":"/home/douglasdennys/Projects/tests/prova-node-09-12-20/src/presentation/errors/unauthorized-error.ts","statementMap":{"0":{"start":{"line":3,"column":4},"end":{"line":3,"column":null}},"1":{"start":{"line":4,"column":4},"end":{"line":4,"column":null}},"2":{"start":{"line":1,"column":0},"end":{"line":1,"column":13}}},"fnMap":{"0":{"name":"(anonymous_0)","decl":{"start":{"line":2,"column":2},"end":{"line":2,"column":null}},"loc":{"start":{"line":2,"column":2},"end":{"line":5,"column":3}}}},"branchMap":{},"s":{"0":0,"1":0,"2":4},"f":{"0":0},"b":{}}
,"/home/douglasdennys/Projects/tests/prova-node-09-12-20/src/validation/validators/compare-fields-validation.ts": {"path":"/home/douglasdennys/Projects/tests/prova-node-09-12-20/src/validation/validators/compare-fields-validation.ts","statementMap":{"0":{"start":{"line":2,"column":0},"end":{"line":2,"column":61}},"1":{"start":{"line":6,"column":21},"end":{"line":6,"column":38}},"2":{"start":{"line":7,"column":21},"end":{"line":7,"column":47}},"3":{"start":{"line":11,"column":4},"end":{"line":13,"column":null}},"4":{"start":{"line":12,"column":6},"end":{"line":12,"column":null}},"5":{"start":{"line":4,"column":0},"end":{"line":4,"column":13}}},"fnMap":{"0":{"name":"(anonymous_0)","decl":{"start":{"line":5,"column":2},"end":{"line":5,"column":null}},"loc":{"start":{"line":7,"column":47},"end":{"line":8,"column":6}}},"1":{"name":"(anonymous_1)","decl":{"start":{"line":10,"column":2},"end":{"line":10,"column":10}},"loc":{"start":{"line":10,"column":22},"end":{"line":14,"column":3}}}},"branchMap":{"0":{"loc":{"start":{"line":11,"column":4},"end":{"line":13,"column":null}},"type":"if","locations":[{"start":{"line":11,"column":4},"end":{"line":13,"column":null}},{"start":{"line":11,"column":4},"end":{"line":13,"column":null}}]}},"s":{"0":1,"1":2,"2":2,"3":2,"4":1,"5":1},"f":{"0":2,"1":2},"b":{"0":[1,1]}}
,"/home/douglasdennys/Projects/tests/prova-node-09-12-20/src/validation/validators/email-validation.ts": {"path":"/home/douglasdennys/Projects/tests/prova-node-09-12-20/src/validation/validators/email-validation.ts","statementMap":{"0":{"start":{"line":3,"column":0},"end":{"line":3,"column":61}},"1":{"start":{"line":7,"column":21},"end":{"line":7,"column":38}},"2":{"start":{"line":8,"column":21},"end":{"line":8,"column":51}},"3":{"start":{"line":12,"column":20},"end":{"line":12,"column":70}},"4":{"start":{"line":13,"column":4},"end":{"line":15,"column":null}},"5":{"start":{"line":14,"column":6},"end":{"line":14,"column":null}},"6":{"start":{"line":5,"column":0},"end":{"line":5,"column":13}}},"fnMap":{"0":{"name":"(anonymous_0)","decl":{"start":{"line":6,"column":2},"end":{"line":6,"column":null}},"loc":{"start":{"line":8,"column":51},"end":{"line":9,"column":6}}},"1":{"name":"(anonymous_1)","decl":{"start":{"line":11,"column":2},"end":{"line":11,"column":10}},"loc":{"start":{"line":11,"column":22},"end":{"line":16,"column":3}}}},"branchMap":{"0":{"loc":{"start":{"line":13,"column":4},"end":{"line":15,"column":null}},"type":"if","locations":[{"start":{"line":13,"column":4},"end":{"line":15,"column":null}},{"start":{"line":13,"column":4},"end":{"line":15,"column":null}}]}},"s":{"0":1,"1":3,"2":3,"3":3,"4":2,"5":1,"6":1},"f":{"0":3,"1":3},"b":{"0":[1,1]}}
,"/home/douglasdennys/Projects/tests/prova-node-09-12-20/src/validation/validators/index.ts": {"path":"/home/douglasdennys/Projects/tests/prova-node-09-12-20/src/validation/validators/index.ts","statementMap":{"0":{"start":{"line":1,"column":0},"end":{"line":1,"column":43}},"1":{"start":{"line":2,"column":0},"end":{"line":2,"column":34}},"2":{"start":{"line":3,"column":0},"end":{"line":3,"column":43}},"3":{"start":{"line":4,"column":0},"end":{"line":4,"column":38}}},"fnMap":{},"branchMap":{},"s":{"0":0,"1":0,"2":0,"3":0},"f":{},"b":{}}
,"/home/douglasdennys/Projects/tests/prova-node-09-12-20/src/validation/validators/required-field-validation.ts": {"path":"/home/douglasdennys/Projects/tests/prova-node-09-12-20/src/validation/validators/required-field-validation.ts","statementMap":{"0":{"start":{"line":2,"column":0},"end":{"line":2,"column":61}},"1":{"start":{"line":5,"column":32},"end":{"line":5,"column":49}},"2":{"start":{"line":8,"column":4},"end":{"line":10,"column":null}},"3":{"start":{"line":9,"column":6},"end":{"line":9,"column":null}},"4":{"start":{"line":4,"column":0},"end":{"line":4,"column":13}}},"fnMap":{"0":{"name":"(anonymous_0)","decl":{"start":{"line":5,"column":2},"end":{"line":5,"column":32}},"loc":{"start":{"line":5,"column":49},"end":{"line":5,"column":53}}},"1":{"name":"(anonymous_1)","decl":{"start":{"line":7,"column":2},"end":{"line":7,"column":10}},"loc":{"start":{"line":7,"column":22},"end":{"line":11,"column":3}}}},"branchMap":{"0":{"loc":{"start":{"line":8,"column":4},"end":{"line":10,"column":null}},"type":"if","locations":[{"start":{"line":8,"column":4},"end":{"line":10,"column":null}},{"start":{"line":8,"column":4},"end":{"line":10,"column":null}}]}},"s":{"0":1,"1":2,"2":2,"3":1,"4":1},"f":{"0":2,"1":2},"b":{"0":[1,1]}}
,"/home/douglasdennys/Projects/tests/prova-node-09-12-20/src/validation/validators/validation-composite.ts": {"path":"/home/douglasdennys/Projects/tests/prova-node-09-12-20/src/validation/validators/validation-composite.ts","statementMap":{"0":{"start":{"line":4,"column":32},"end":{"line":4,"column":57}},"1":{"start":{"line":7,"column":4},"end":{"line":12,"column":null}},"2":{"start":{"line":8,"column":20},"end":{"line":8,"column":46}},"3":{"start":{"line":9,"column":6},"end":{"line":11,"column":null}},"4":{"start":{"line":10,"column":8},"end":{"line":10,"column":null}},"5":{"start":{"line":3,"column":0},"end":{"line":3,"column":13}}},"fnMap":{"0":{"name":"(anonymous_0)","decl":{"start":{"line":4,"column":2},"end":{"line":4,"column":32}},"loc":{"start":{"line":4,"column":57},"end":{"line":4,"column":61}}},"1":{"name":"(anonymous_1)","decl":{"start":{"line":6,"column":2},"end":{"line":6,"column":10}},"loc":{"start":{"line":6,"column":22},"end":{"line":13,"column":3}}}},"branchMap":{"0":{"loc":{"start":{"line":9,"column":6},"end":{"line":11,"column":null}},"type":"if","locations":[{"start":{"line":9,"column":6},"end":{"line":11,"column":null}},{"start":{"line":9,"column":6},"end":{"line":11,"column":null}}]}},"s":{"0":3,"1":3,"2":5,"3":5,"4":2,"5":1},"f":{"0":3,"1":3},"b":{"0":[2,3]}}
}
